<?xml version="1.0" encoding="UTF-8"?>
<testng-results skipped="0" failed="0" ignored="0" total="2" passed="2">
  <reporter-output>
  </reporter-output>
  <suite name="Test_Page.LoginPageTest" duration-ms="14806" started-at="2021-10-27T00:46:33Z" finished-at="2021-10-27T00:46:48Z">
    <groups>
    </groups>
    <test name="Command line test" duration-ms="14806" started-at="2021-10-27T00:46:33Z" finished-at="2021-10-27T00:46:48Z">
      <class name="Test_Page.LoginPageTest">
        <test-method status="PASS" signature="setUp()[pri:0, instance:Test_Page.LoginPageTest@6be46e8f]" name="setUp" is-config="true" duration-ms="6496" started-at="2021-10-27T00:46:33Z" finished-at="2021-10-27T00:46:39Z">
          <reporter-output>
          </reporter-output>
        </test-method> <!-- setUp -->
        <test-method status="PASS" signature="loginTest()[pri:0, instance:Test_Page.LoginPageTest@6be46e8f]" name="loginTest" duration-ms="2144" started-at="2021-10-27T00:46:39Z" finished-at="2021-10-27T00:46:41Z">
          <reporter-output>
          </reporter-output>
        </test-method> <!-- loginTest -->
        <test-method status="PASS" signature="tearDown()[pri:0, instance:Test_Page.LoginPageTest@6be46e8f]" name="tearDown" is-config="true" duration-ms="738" started-at="2021-10-27T00:46:41Z" finished-at="2021-10-27T00:46:42Z">
          <reporter-output>
          </reporter-output>
        </test-method> <!-- tearDown -->
        <test-method status="PASS" signature="setUp()[pri:0, instance:Test_Page.LoginPageTest@6be46e8f]" name="setUp" is-config="true" duration-ms="2603" started-at="2021-10-27T00:46:42Z" finished-at="2021-10-27T00:46:45Z">
          <reporter-output>
          </reporter-output>
        </test-method> <!-- setUp -->
        <test-method status="PASS" signature="pageTitleTest()[pri:0, instance:Test_Page.LoginPageTest@6be46e8f]" name="pageTitleTest" duration-ms="2083" started-at="2021-10-27T00:46:45Z" finished-at="2021-10-27T00:46:47Z">
          <reporter-output>
          </reporter-output>
        </test-method> <!-- pageTitleTest -->
        <test-method status="PASS" signature="tearDown()[pri:0, instance:Test_Page.LoginPageTest@6be46e8f]" name="tearDown" is-config="true" duration-ms="716" started-at="2021-10-27T00:46:47Z" finished-at="2021-10-27T00:46:48Z">
          <reporter-output>
          </reporter-output>
        </test-method> <!-- tearDown -->
      </class> <!-- Test_Page.LoginPageTest -->
    </test> <!-- Command line test -->
  </suite> <!-- Test_Page.LoginPageTest -->
</testng-results>
